swe_system_message:

You are a Software Testing Engineer tasked with generating testing code for web applications. Collaborate with a Code Executor, who will run the code you develop and provide feedback including the current URL and HTML content of the page. Your goal is to conduct thorough and effective testing by adhering to these guidelines:

1. **Sequential Task Execution:** Handle tasks sequentially. After submitting code and receiving feedback, proceed to the next task.

2. **Incremental Code Development:** Always start with code that access the website first and enhance your code iteratively based on feedback received, particularly focusing on the HTML content and URL. At no point should you change or remove any previously written code that did not result in an error.

3. **Dynamic Selector Adjustment:** If encountering a `NoSuchElementException`, adjust your element selectors based on the most recent HTML content.

4. **Accurate Element Identifier Usage:** Use identifiers from the HTML content to ensure your Selenium functions interact with the correct webpage elements.

5. **Selenium Library Version 4 Compliance:** Develop your testing code using this version to ensure compatibility.

6. **Proactive Error Handling and Code Modification:** Modify your code as necessary based on execution errors or updated HTML feedback. Only change or remove code that has directly led to errors; otherwise, build upon existing code.

7. **Error Handling with Try-Catch:** Wrap the entire code in a try-catch block to catch and print any errors. Ensure the latest HTML content available is printed for troubleshooting purposes instead of any other webpage data like the title.

### Development Workflow:

- **Objective:** Incrementally develop a Python script to perform tasks on a web page, progressing from basic functionalities to complex interactions.

- **Iterative Development:** Build upon each step with the latest feedback, ensuring each task is fully executed according to the prompt instructions.

- **Error Handling in Execution:** Use a try-catch block throughout the testing process to manage errors effectively, providing an error output and the most recent HTML content for troubleshooting.

### General Notes:

- Always print the whole HTML content for each task, even if the content is very long.


html_system_message:

You are a Software Testing Engineer tasked with generating testing code for web applications. Collaborate with a Code Executor, who will run the code you develop and provide feedback including the current URL and HTML content of the page. Your goal is to conduct thorough and effective testing by adhering to these guidelines:

1. **Sequential Task Execution:** Handle tasks sequentially. After submitting code and receiving feedback, proceed to the next task.

2. **Incremental Code Development:** Always start with code that access the website first and enhance your code iteratively based on feedback received, particularly focusing on the HTML content and URL. At no point should you change or remove any previously written code that did not result in an error.

3. **Dynamic Selector Adjustment:** If encountering a `NoSuchElementException`, adjust your element selectors based on the most recent HTML content.

4. **Accurate Element Identifier Usage:** Use identifiers from the HTML content to ensure your Selenium functions interact with the correct webpage elements.

5. **Selenium Library Version 4 Compliance:** Develop your testing code using this version to ensure compatibility.

6. **Proactive Error Handling and Code Modification:** Modify your code as necessary based on execution errors or updated HTML feedback. Only change or remove code that has directly led to errors; otherwise, build upon existing code.

7. **Error Handling with Try-Catch:** Wrap the entire code in a try-catch block to catch and print any errors. Ensure the latest HTML content available is printed for troubleshooting purposes instead of any other webpage data like the title.

### Development Workflow:

- **Objective:** Incrementally develop a Python script to perform tasks on a web page, progressing from basic functionalities to complex interactions.

- **Iterative Development:** Build upon each step with the latest feedback, ensuring each task is fully executed according to the prompt instructions.

- **Error Handling in Execution:** Use a try-catch block throughout the testing process to manage errors effectively, providing an error output and the most recent HTML content for troubleshooting.

### General Notes:

- Always print the whole HTML content for each task, even if the content is very long.


prompt:
Checkout a random item from my own website https://cymbal-shops.retail.cymbal.dev.


Starting chat logging:

Admin (to chat_manager):


Checkout a random item from my own website https://cymbal-shops.retail.cymbal.dev.


--------------------------------------------------------------------------------
SWE (to chat_manager):

To start with the task of checking out a random item from the specified website, we'll begin by writing the initial Python script that navigates to the website using Selenium. This script will be the foundation, and we'll build upon it based on the feedback received after execution.

```python
from selenium import webdriver
from selenium.webdriver.common.by import By
from selenium.webdriver.chrome.service import Service
from webdriver_manager.chrome import ChromeDriverManager
import time

try:
    # Setup Chrome WebDriver
    driver = webdriver.Chrome(service=Service(ChromeDriverManager().install()))

    # Navigate to the website
    driver.get("https://cymbal-shops.retail.cymbal.dev")

    # Wait for the page to load
    time.sleep(5)

    # Print the current URL and HTML content of the page for inspection
    print(driver.current_url)
    print(driver.page_source)

finally:
    # Close the browser window
    driver.quit()
```

This code initializes a Chrome WebDriver, navigates to the provided URL, waits for the page to load, and then prints the current URL and the HTML content of the page. The `time.sleep(5)` is a simple way to ensure the page has loaded before fetching the content. This is a starting point, and we'll adjust our approach based on the feedback received.

--------------------------------------------------------------------------------
Reviewer (to chat_manager):

#CODE REVIEW SUCCEEDED#
```python
from selenium import webdriver
from selenium.webdriver.common.by import By
from selenium.webdriver.chrome.service import Service
from webdriver_manager.chrome import ChromeDriverManager
import time

try:
    # Setup Chrome WebDriver
    driver = webdriver.Chrome(service=Service(ChromeDriverManager().install()))

    # Navigate to the website
    driver.get("https://cymbal-shops.retail.cymbal.dev")

    # Wait for the page to load
    time.sleep(5)

    # Print the current URL and HTML content of the page for inspection
    print(driver.current_url)
    print(driver.page_source)

finally:
    # Close the browser window
    driver.quit()
```

--------------------------------------------------------------------------------
Provide feedback to chat_manager. Press enter to skip and use auto-reply, or type 'exit' to end the conversation: 
>>>>>>>> NO HUMAN INPUT RECEIVED.

>>>>>>>> USING AUTO REPLY...

>>>>>>>> EXECUTING CODE BLOCK 0 (inferred language is python)...
Executor (to chat_manager):

exitcode: 0 (execution succeeded)
Code output: 
https://cymbal-shops.retail.cymbal.dev/
<html lang="en"><head>
    <meta charset="UTF-8">
    <meta name="viewport" content="width=device-width, initial-scale=1.0, shrink-to-fit=no">
    <meta http-equiv="X-UA-Compatible" content="ie=edge">
    <title>
        
        Online Boutique
        
    </title>
    <link href="https://stackpath.bootstrapcdn.com/bootstrap/4.1.1/css/bootstrap.min.css" rel="stylesheet" integrity="sha384-WskhaSGFgHYWDcbwN70/dfYBj47jz9qbsMId/iRN3ewGhXQFZCSftd1LZCfmhktB" crossorigin="anonymous">
    <link rel="preconnect" href="https://fonts.googleapis.com">
    <link rel="preconnect" href="https://fonts.gstatic.com" crossorigin="">
    <link href="https://fonts.googleapis.com/css2?family=DM+Sans:ital,wght@0,400;0,700;1,400;1,700&amp;display=swap" rel="stylesheet">
    <link rel="stylesheet" type="text/css" href="/static/styles/styles.css">
    <link rel="stylesheet" type="text/css" href="/static/styles/cart.css">
    <link rel="stylesheet" type="text/css" href="/static/styles/order.css">
    
    <link rel="shortcut icon" type="image/x-icon" href="/static/favicon.ico">
    
</head>

<body>
    <header>
        
        <div class="navbar sub-navbar">
            <div class="container d-flex justify-content-between">
                <a href="/" class="navbar-brand d-flex align-items-center">
                    
                    <img src="/static/icons/Hipster_NavLogo.svg" alt="" class="top-left-logo">
                    
                </a>
                <div class="controls">

                    
                    <div class="h-controls">
                        <div class="h-control">
                            <span class="icon currency-icon"> $</span>
                            <form method="POST" class="controls-form" action="/setCurrency" id="currency_form">
                                <select name="currency_code" onchange="document.getElementById('currency_form').submit();">
                                        
                                    <option value="EUR">EUR</option>
                                    
                                    <option value="USD" selected="selected">USD</option>
                                    
                                    <option value="JPY">JPY</option>
                                    
                                    <option value="GBP">GBP</option>
                                    
                                    <option value="TRY">TRY</option>
                                    
                                    <option value="CAD">CAD</option>
                                    
                                </select>
                            </form>
                            <img src="/static/icons/Hipster_DownArrow.svg" alt="" class="icon arrow">
                        </div>
                    </div>
                    

                    <a href="/cart" class="cart-link">
                        <img src="/static/icons/Hipster_CartIcon.svg" alt="Cart icon" class="logo" title="Cart">
                        
                    </a>
                </div>
            </div>
        </div>

    </header>
    
<div class="gcp-platform">
  <span class="platform-flag">
    Google Cloud
  </span>
</div>
<main role="main" class="home">

  
  <div class="home-mobile-hero-banner d-lg-none"></div>

  <div class="container-fluid">
    <div class="row">

      
      <div class="col-4 d-none d-lg-block home-desktop-left-image"></div>

      <div class="col-12 col-lg-8">

        <div class="row hot-products-row px-xl-6">

          <div class="col-12">
            <h3>Hot Products</h3>
          </div>

          
          <div class="col-md-4 hot-product-card">
            <a href="/product/OLJCESPC7Z">
              <img alt="" src="/static/img/products/sunglasses.jpg">
              <div class="hot-product-card-img-overlay"></div>
            </a>
            <div>
              <div class="hot-product-card-name">Sunglasses</div>
              <div class="hot-product-card-price">$19.99</div>
            </div>
          </div>
          
          <div class="col-md-4 hot-product-card">
            <a href="/product/66VCHSJNUP">
              <img alt="" src="/static/img/products/tank-top.jpg">
              <div class="hot-product-card-img-overlay"></div>
            </a>
            <div>
              <div class="hot-product-card-name">Tank Top</div>
              <div class="hot-product-card-price">$18.99</div>
            </div>
          </div>
          
          <div class="col-md-4 hot-product-card">
            <a href="/product/1YMWWN1N4O">
              <img alt="" src="/static/img/products/watch.jpg">
              <div class="hot-product-card-img-overlay"></div>
            </a>
            <div>
              <div class="hot-product-card-name">Watch</div>
              <div class="hot-product-card-price">$109.99</div>
            </div>
          </div>
          
          <div class="col-md-4 hot-product-card">
            <a href="/product/L9ECAV7KIM">
              <img alt="" src="/static/img/products/loafers.jpg">
              <div class="hot-product-card-img-overlay"></div>
            </a>
            <div>
              <div class="hot-product-card-name">Loafers</div>
              <div class="hot-product-card-price">$89.99</div>
            </div>
          </div>
          
          <div class="col-md-4 hot-product-card">
            <a href="/product/2ZYFJ3GM2N">
              <img alt="" src="/static/img/products/hairdryer.jpg">
              <div class="hot-product-card-img-overlay"></div>
            </a>
            <div>
              <div class="hot-product-card-name">Hairdryer</div>
              <div class="hot-product-card-price">$24.99</div>
            </div>
          </div>
          
          <div class="col-md-4 hot-product-card">
            <a href="/product/0PUK6V6EV0">
              <img alt="" src="/static/img/products/candle-holder.jpg">
              <div class="hot-product-card-img-overlay"></div>
            </a>
            <div>
              <div class="hot-product-card-name">Candle Holder</div>
              <div class="hot-product-card-price">$18.99</div>
            </div>
          </div>
          
          <div class="col-md-4 hot-product-card">
            <a href="/product/LS4PSXUNUM">
              <img alt="" src="/static/img/products/salt-and-pepper-shakers.jpg">
              <div class="hot-product-card-img-overlay"></div>
            </a>
            <div>
              <div class="hot-product-card-name">Salt &amp; Pepper Shakers</div>
              <div class="hot-product-card-price">$18.49</div>
            </div>
          </div>
          
          <div class="col-md-4 hot-product-card">
            <a href="/product/9SIQT8TOJO">
              <img alt="" src="/static/img/products/bamboo-glass-jar.jpg">
              <div class="hot-product-card-img-overlay"></div>
            </a>
            <div>
              <div class="hot-product-card-name">Bamboo Glass Jar</div>
              <div class="hot-product-card-price">$5.49</div>
            </div>
          </div>
          
          <div class="col-md-4 hot-product-card">
            <a href="/product/6E92ZMYYFZ">
              <img alt="" src="/static/img/products/mug.jpg">
              <div class="hot-product-card-img-overlay"></div>
            </a>
            <div>
              <div class="hot-product-card-name">Mug</div>
              <div class="hot-product-card-price">$8.99</div>
            </div>
          </div>
          

        </div>

        
        <div class="row d-none d-lg-block home-desktop-footer-row">
          <div class="col-12 p-0">
            

<footer class="py-5">
    <div class="footer-top">
        <div class="container footer-social">
            <p class="footer-text">This website is hosted for demo purposes only. It is not an actual shop. This is not a Google product.</p>
            <p class="footer-text">© 2020 Google Inc (<a href="https://github.com/GoogleCloudPlatform/microservices-demo">Source Code</a>)</p>
            <p class="footer-text">
                <small>
                    session-id: 364aeeb5-9723-4fa1-8748-8d6d834b3050 — 
                    request-id: df75bb5e-e1ca-4a5c-b05e-fd37f3ff1466
                </small>
                <br>
                <small>
                    
                        
                        <b>Cluster: </b>online-boutique-release<br>
                        
                        
                        <b>Zone: </b>us-central1-c<br>
                        
                        
                        <b>Pod: </b>frontend-846c85c54c-7t2qh
                        
                    
                </small>
            </p>
        </div>
    </div>
</footer>
<script src="https://stackpath.bootstrapcdn.com/bootstrap/4.1.1/js/bootstrap.min.js" integrity="sha384-smHYKdLADwkXOn1EmN1qk/HfnUcbVRZyYmZ4qpPea6sjB/pTJ0euyQp0Mk8ck+5T" crossorigin="anonymous">
</script>




          </div>
        </div>

      </div>

    </div>
  </div>

</main>


<div class="d-lg-none">
  

<footer class="py-5">
    <div class="footer-top">
        <div class="container footer-social">
            <p class="footer-text">This website is hosted for demo purposes only. It is not an actual shop. This is not a Google product.</p>
            <p class="footer-text">© 2020 Google Inc (<a href="https://github.com/GoogleCloudPlatform/microservices-demo">Source Code</a>)</p>
            <p class="footer-text">
                <small>
                    session-id: 364aeeb5-9723-4fa1-8748-8d6d834b3050 — 
                    request-id: df75bb5e-e1ca-4a5c-b05e-fd37f3ff1466
                </small>
                <br>
                <small>
                    
                        
                        <b>Cluster: </b>online-boutique-release<br>
                        
                        
                        <b>Zone: </b>us-central1-c<br>
                        
                        
                        <b>Pod: </b>frontend-846c85c54c-7t2qh
                        
                    
                </small>
            </p>
        </div>
    </div>
</footer>
<script src="https://stackpath.bootstrapcdn.com/bootstrap/4.1.1/js/bootstrap.min.js" integrity="sha384-smHYKdLADwkXOn1EmN1qk/HfnUcbVRZyYmZ4qpPea6sjB/pTJ0euyQp0Mk8ck+5T" crossorigin="anonymous">
</script>




</div>

</body></html>


--------------------------------------------------------------------------------
html (to chat_manager):

Based on the HTML content provided, to select a random item and proceed towards checkout, follow these steps:

1. **Select a Random Item**: The items are listed under the class `hot-product-card`. Each item has an anchor (`<a>`) tag wrapping an image, which leads to the product's detail page. You can select any of these items by targeting their anchor tags. For example, to select the first item (Sunglasses), you can use the CSS selector `.hot-product-card a` and then choose one randomly if implementing programmatically.

    - **CSS Selector for a Random Item**: `.hot-product-card a`
    - **Example Item (Sunglasses)**: `<a href="/product/OLJCESPC7Z">`

2. **Add to Cart**: After navigating to an item's detail page, you would typically look for an "Add to Cart" button. However, since the HTML of the product detail page is not provided, look for a button or link with text like "Add to Cart" or a similar call-to-action. This button might have a specific class or ID associated with it, which you would use to click on it.

    - **Hypothetical CSS Selector for 'Add to Cart' Button**: `.add-to-cart-btn` (This is an example; the actual selector might differ and needs to be identified from the product detail page's HTML.)

3. **Navigate to Cart and Checkout**: After adding an item to the cart, you would navigate to the cart page, which can be done by clicking on the cart icon located in the header. The cart link has a class `cart-link`.

    - **CSS Selector for Cart Link**: `a.cart-link`

4. **Proceed to Checkout**: On the cart page, look for a button or link to proceed to checkout. This would typically be labeled "Checkout", "Proceed to Checkout", or something similar. Again, without the HTML for the cart page, the exact selector cannot be provided but would follow a similar pattern of identification.

    - **Hypothetical CSS Selector for 'Proceed to Checkout' Button**: `.checkout-btn` (This is an example; the actual selector might differ and needs to be identified from the cart page's HTML.)

5. **Complete the Checkout Process**: Completing the checkout process would involve filling out forms with personal information, shipping address, and payment details. Each of these form fields would have its own selectors based on their `name` or `class` attributes.

    - **Hypothetical CSS Selector for a Form Field**: `input[name='email']` (This is an example; actual selectors will vary based on the form structure.)

Please note that to proceed beyond selecting a random item, you would need to execute these steps programmatically and adjust selectors based on the actual HTML content of subsequent pages (product detail, cart, and checkout pages).

--------------------------------------------------------------------------------
SWE (to chat_manager):

Given the structure of the website and the task at hand, the next step is to select a random item from the "Hot Products" section and navigate to its detail page. Since the HTML content shows that each product is contained within a `div` with the class `hot-product-card` and the product details can be accessed via an anchor (`<a>`) tag, we will write code to click on one of these links. For simplicity and to demonstrate functionality, we'll select the first item in the list.

```python
from selenium.webdriver.common.action_chains import ActionChains
import random

try:
    # Setup Chrome WebDriver
    driver = webdriver.Chrome(service=Service(ChromeDriverManager().install()))

    # Navigate to the website
    driver.get("https://cymbal-shops.retail.cymbal.dev")

    # Wait for the page to load
    time.sleep(5)

    # Find all product links in the "Hot Products" section
    product_links = driver.find_elements(By.CSS_SELECTOR, ".hot-product-card a")

    # Select a random product link
    random_product_link = random.choice(product_links)

    # Click on the selected product link
    ActionChains(driver).move_to_element(random_product_link).click().perform()

    # Wait for the product detail page to load
    time.sleep(5)

    # Print the current URL and HTML content of the product detail page for inspection
    print(driver.current_url)
    print(driver.page_source)

finally:
    # Close the browser window
    driver.quit()
```

This code snippet adds the functionality to select a random product from the "Hot Products" section and navigate to its detail page. We use `ActionChains` to ensure the click action is performed accurately. After navigating to the product detail page, the script prints the current URL and the HTML content of the page, which will help us in identifying the "Add to Cart" button in the next step.

--------------------------------------------------------------------------------
Reviewer (to chat_manager):

#CODE REVIEW SUCCEEDED#
```python
from selenium.webdriver.common.action_chains import ActionChains
import random

try:
    # Setup Chrome WebDriver
    driver = webdriver.Chrome(service=Service(ChromeDriverManager().install()))

    # Navigate to the website
    driver.get("https://cymbal-shops.retail.cymbal.dev")

    # Wait for the page to load
    time.sleep(5)

    # Find all product links in the "Hot Products" section
    product_links = driver.find_elements(By.CSS_SELECTOR, ".hot-product-card a")

    # Select a random product link
    random_product_link = random.choice(product_links)

    # Click on the selected product link
    ActionChains(driver).move_to_element(random_product_link).click().perform()

    # Wait for the product detail page to load
    time.sleep(5)

    # Print the current URL and HTML content of the product detail page for inspection
    print(driver.current_url)
    print(driver.page_source)

finally:
    # Close the browser window
    driver.quit()
```

--------------------------------------------------------------------------------
Provide feedback to chat_manager. Press enter to skip and use auto-reply, or type 'exit' to end the conversation: 
>>>>>>>> NO HUMAN INPUT RECEIVED.

>>>>>>>> USING AUTO REPLY...

>>>>>>>> EXECUTING CODE BLOCK 0 (inferred language is python)...
Executor (to chat_manager):

exitcode: 1 (execution failed)
Code output: 
Traceback (most recent call last):
  File "", line 6, in <module>
    driver = webdriver.Chrome(service=Service(ChromeDriverManager().install()))
             ^^^^^^^^^
NameError: name 'webdriver' is not defined

During handling of the above exception, another exception occurred:

Traceback (most recent call last):
  File "", line 32, in <module>
    driver.quit()
    ^^^^^^
NameError: name 'driver' is not defined


--------------------------------------------------------------------------------
html (to chat_manager):

The provided Python script failed to execute due to a `NameError` indicating that `webdriver` is not defined. This error typically occurs when the necessary import statements are missing or incorrect at the beginning of the script. Additionally, the same error for `driver` in the exception handling block suggests that the `driver` variable is not accessible due to the initial error.

Since I cannot correct or provide code, ensure that all necessary imports, especially for `webdriver`, are correctly included at the beginning of your script. This includes importing the `webdriver` from the Selenium package, which is crucial for the script to run successfully.

--------------------------------------------------------------------------------
SWE (to chat_manager):

To address the execution failure due to the `NameError` for `webdriver` and ensure the script runs successfully, let's correct the import statements and ensure that the `webdriver` is properly defined. Additionally, we'll make sure the `driver` variable is defined outside the try block to prevent the second error if the first initialization fails. Here's the revised code with the necessary corrections:

```python
from selenium import webdriver
from selenium.webdriver.common.by import By
from selenium.webdriver.chrome.service import Service
from webdriver_manager.chrome import ChromeDriverManager
from selenium.webdriver.common.action_chains import ActionChains
import time
import random

driver = None

try:
    # Setup Chrome WebDriver
    driver = webdriver.Chrome(service=Service(ChromeDriverManager().install()))

    # Navigate to the website
    driver.get("https://cymbal-shops.retail.cymbal.dev")

    # Wait for the page to load
    time.sleep(5)

    # Find all product links in the "Hot Products" section
    product_links = driver.find_elements(By.CSS_SELECTOR, ".hot-product-card a")

    # Select a random product link
    random_product_link = random.choice(product_links)

    # Click on the selected product link
    ActionChains(driver).move_to_element(random_product_link).click().perform()

    # Wait for the product detail page to load
    time.sleep(5)

    # Print the current URL and HTML content of the product detail page for inspection
    print(driver.current_url)
    print(driver.page_source)

finally:
    if driver:
        # Close the browser window
        driver.quit()
```

This code includes the necessary imports at the beginning and initializes the `driver` variable outside the try block to ensure it's defined for the finally block. This should resolve the `NameError` and allow the script to execute as intended, navigating to a random product page and printing its details.

--------------------------------------------------------------------------------
Reviewer (to chat_manager):

#CODE REVIEW SUCCEEDED#
```python
from selenium import webdriver
from selenium.webdriver.common.by import By
from selenium.webdriver.chrome.service import Service
from webdriver_manager.chrome import ChromeDriverManager
from selenium.webdriver.common.action_chains import ActionChains
import time
import random

driver = None

try:
    # Setup Chrome WebDriver
    driver = webdriver.Chrome(service=Service(ChromeDriverManager().install()))

    # Navigate to the website
    driver.get("https://cymbal-shops.retail.cymbal.dev")

    # Wait for the page to load
    time.sleep(5)

    # Find all product links in the "Hot Products" section
    product_links = driver.find_elements(By.CSS_SELECTOR, ".hot-product-card a")

    # Select a random product link
    random_product_link = random.choice(product_links)

    # Click on the selected product link
    ActionChains(driver).move_to_element(random_product_link).click().perform()

    # Wait for the product detail page to load
    time.sleep(5)

    # Print the current URL and HTML content of the product detail page for inspection
    print(driver.current_url)
    print(driver.page_source)

finally:
    if driver:
        # Close the browser window
        driver.quit()
```

--------------------------------------------------------------------------------
Provide feedback to chat_manager. Press enter to skip and use auto-reply, or type 'exit' to end the conversation: 
>>>>>>>> NO HUMAN INPUT RECEIVED.

>>>>>>>> USING AUTO REPLY...

>>>>>>>> EXECUTING CODE BLOCK 0 (inferred language is python)...
Executor (to chat_manager):

exitcode: 0 (execution succeeded)
Code output: 
https://cymbal-shops.retail.cymbal.dev/product/9SIQT8TOJO
<html lang="en"><head>
    <meta charset="UTF-8">
    <meta name="viewport" content="width=device-width, initial-scale=1.0, shrink-to-fit=no">
    <meta http-equiv="X-UA-Compatible" content="ie=edge">
    <title>
        
        Online Boutique
        
    </title>
    <link href="https://stackpath.bootstrapcdn.com/bootstrap/4.1.1/css/bootstrap.min.css" rel="stylesheet" integrity="sha384-WskhaSGFgHYWDcbwN70/dfYBj47jz9qbsMId/iRN3ewGhXQFZCSftd1LZCfmhktB" crossorigin="anonymous">
    <link rel="preconnect" href="https://fonts.googleapis.com">
    <link rel="preconnect" href="https://fonts.gstatic.com" crossorigin="">
    <link href="https://fonts.googleapis.com/css2?family=DM+Sans:ital,wght@0,400;0,700;1,400;1,700&amp;display=swap" rel="stylesheet">
    <link rel="stylesheet" type="text/css" href="/static/styles/styles.css">
    <link rel="stylesheet" type="text/css" href="/static/styles/cart.css">
    <link rel="stylesheet" type="text/css" href="/static/styles/order.css">
    
    <link rel="shortcut icon" type="image/x-icon" href="/static/favicon.ico">
    
</head>

<body>
    <header>
        
        <div class="navbar sub-navbar">
            <div class="container d-flex justify-content-between">
                <a href="/" class="navbar-brand d-flex align-items-center">
                    
                    <img src="/static/icons/Hipster_NavLogo.svg" alt="" class="top-left-logo">
                    
                </a>
                <div class="controls">

                    
                    <div class="h-controls">
                        <div class="h-control">
                            <span class="icon currency-icon"> $</span>
                            <form method="POST" class="controls-form" action="/setCurrency" id="currency_form">
                                <select name="currency_code" onchange="document.getElementById('currency_form').submit();">
                                        
                                    <option value="EUR">EUR</option>
                                    
                                    <option value="USD" selected="selected">USD</option>
                                    
                                    <option value="JPY">JPY</option>
                                    
                                    <option value="GBP">GBP</option>
                                    
                                    <option value="TRY">TRY</option>
                                    
                                    <option value="CAD">CAD</option>
                                    
                                </select>
                            </form>
                            <img src="/static/icons/Hipster_DownArrow.svg" alt="" class="icon arrow">
                        </div>
                    </div>
                    

                    <a href="/cart" class="cart-link">
                        <img src="/static/icons/Hipster_CartIcon.svg" alt="Cart icon" class="logo" title="Cart">
                        
                    </a>
                </div>
            </div>
        </div>

    </header>
    
<div class="gcp-platform">
  <span class="platform-flag">
    Google Cloud
  </span>
</div>

<main role="main">
  <div class="h-product container">
    <div class="row">
      <div class="col-md-6">
        <img class="product-image" alt="" src="/static/img/products/bamboo-glass-jar.jpg">
      </div>
      <div class="product-info col-md-5">
        <div class="product-wrapper">

          <h2>Bamboo Glass Jar</h2>
          <p class="product-price">$5.49</p>
          <p>This bamboo glass jar can hold 57 oz (1.7 l) and is perfect for any kitchen.</p>

          <form method="POST" action="/cart">
            <input type="hidden" name="product_id" value="9SIQT8TOJO">
            <div class="product-quantity-dropdown">
              <select name="quantity" id="quantity">
                <option>1</option>
                <option>2</option>
                <option>3</option>
                <option>4</option>
                <option>5</option>
                <option>10</option>
              </select>
              <img src="/static/icons/Hipster_DownArrow.svg" alt="">
            </div>
            <button type="submit" class="cymbal-button-primary">Add To Cart</button>
          </form>
        </div>
      </div>
    </div>
  </div>
  <div>
    
      
<section class="recommendations">
    <div class="container">
      <div class="row">
        <div class="col-xl-10 offset-xl-1">
          <h2>You May Also Like</h2>
          <div class="row">
            
            <div class="col-md-3">
              <div>
                <a href="/product/L9ECAV7KIM">
                  <img alt="" src="/static/img/products/loafers.jpg">
                </a>
                <div>
                  <h5>
                    Loafers
                  </h5>
                </div>
              </div>
            </div>
            
            <div class="col-md-3">
              <div>
                <a href="/product/0PUK6V6EV0">
                  <img alt="" src="/static/img/products/candle-holder.jpg">
                </a>
                <div>
                  <h5>
                    Candle Holder
                  </h5>
                </div>
              </div>
            </div>
            
            <div class="col-md-3">
              <div>
                <a href="/product/66VCHSJNUP">
                  <img alt="" src="/static/img/products/tank-top.jpg">
                </a>
                <div>
                  <h5>
                    Tank Top
                  </h5>
                </div>
              </div>
            </div>
            
            <div class="col-md-3">
              <div>
                <a href="/product/LS4PSXUNUM">
                  <img alt="" src="/static/img/products/salt-and-pepper-shakers.jpg">
                </a>
                <div>
                  <h5>
                    Salt &amp; Pepper Shakers
                  </h5>
                </div>
              </div>
            </div>
            
          </div>
        </div>
      </div>
    </div>
</section>

    
  </div>
  <div class="ad">
   
<div class="container py-3 px-lg-5 py-lg-5">
    <div role="alert">
        <strong>Ad</strong>
        <a href="/product/9SIQT8TOJO" rel="nofollow" target="_blank">
            Bamboo glass jar for sale. 10% off.
        </a>
    </div>
</div>

  </div>
</main>


<footer class="py-5">
    <div class="footer-top">
        <div class="container footer-social">
            <p class="footer-text">This website is hosted for demo purposes only. It is not an actual shop. This is not a Google product.</p>
            <p class="footer-text">© 2020 Google Inc (<a href="https://github.com/GoogleCloudPlatform/microservices-demo">Source Code</a>)</p>
            <p class="footer-text">
                <small>
                    session-id: a9b3f256-e876-4e5a-a1e6-a5d7fa967270 — 
                    request-id: d6ec2487-bd34-46a5-9055-97fad121a4d8
                </small>
                <br>
                <small>
                    
                        
                        <b>Cluster: </b>online-boutique-release<br>
                        
                        
                        <b>Zone: </b>us-central1-c<br>
                        
                        
                        <b>Pod: </b>frontend-846c85c54c-7t2qh
                        
                    
                </small>
            </p>
        </div>
    </div>
</footer>
<script src="https://stackpath.bootstrapcdn.com/bootstrap/4.1.1/js/bootstrap.min.js" integrity="sha384-smHYKdLADwkXOn1EmN1qk/HfnUcbVRZyYmZ4qpPea6sjB/pTJ0euyQp0Mk8ck+5T" crossorigin="anonymous">
</script>




</body></html>


--------------------------------------------------------------------------------
html (to chat_manager):

Based on the HTML content of the product detail page for the "Bamboo Glass Jar," here's how to proceed with adding the item to the cart and moving towards checkout:

1. **Add to Cart**: The "Add to Cart" button is contained within a form that posts to `/cart`. The button itself has the text "Add To Cart" and can be identified by its class `cymbal-button-primary`. To add the item to the cart, you would programmatically click this button.

    - **CSS Selector for 'Add To Cart' Button**: `button.cymbal-button-primary`
    - **Form Action**: `/cart`
    - **Input for Product ID**: `<input type="hidden" name="product_id" value="9SIQT8TOJO">`
    - **Quantity Selection**: The quantity can be selected using the dropdown `<select name="quantity" id="quantity">`. For simplicity, you can leave it as the default value or select a different quantity programmatically.

2. **Navigate to Cart**: After adding the item to the cart, you would typically be redirected to the cart page or you would navigate there manually by clicking the cart icon in the header. The cart link can be identified by its class `cart-link`.

    - **CSS Selector for Cart Link**: `a.cart-link`

3. **Proceed to Checkout**: On the cart page, you would look for a button or link to proceed to checkout. This step requires the HTML content of the cart page to identify the exact selector for the "Proceed to Checkout" button.

4. **Complete the Checkout Process**: Completing the checkout would involve filling out forms for shipping information, payment details, etc. This step requires the HTML content of the checkout page to provide specific instructions.

Given the current information, the next immediate step is to click the "Add To Cart" button for the "Bamboo Glass Jar." Here's a hypothetical code snippet for this action:

```python
# Assuming driver is already navigated to the product detail page

# Find the 'Add To Cart' button and click it
add_to_cart_button = driver.find_element(By.CSS_SELECTOR, "button.cymbal-button-primary")
add_to_cart_button.click()

# Wait for the action to complete and potentially navigate to the cart page
time.sleep(5)

# Optionally, navigate to the cart if not automatically redirected
driver.find_element(By.CSS_SELECTOR, "a.cart-link").click()

# Wait for the cart page to load
time.sleep(5)

# Print the current URL and HTML content of the cart page for inspection
print(driver.current_url)
print(driver.page_source)
```

This code snippet is for demonstration purposes and assumes that the next steps (navigating to the cart and proceeding to checkout) would follow a similar pattern of identifying and interacting with page elements based on their HTML structure.

--------------------------------------------------------------------------------
SWE (to chat_manager):

Given the HTML content of the product detail page and the task to add the item to the cart, let's proceed with the next steps in the code. We'll click the "Add To Cart" button for the "Bamboo Glass Jar" and then navigate to the cart page to inspect its HTML content.

```python
try:
    # Setup Chrome WebDriver
    driver = webdriver.Chrome(service=Service(ChromeDriverManager().install()))

    # Navigate to the product detail page
    driver.get("https://cymbal-shops.retail.cymbal.dev/product/9SIQT8TOJO")

    # Wait for the page to load
    time.sleep(5)

    # Find the 'Add To Cart' button and click it
    add_to_cart_button = driver.find_element(By.CSS_SELECTOR, "button.cymbal-button-primary")
    add_to_cart_button.click()

    # Wait for the action to complete and potentially navigate to the cart page
    time.sleep(5)

    # Navigate to the cart page
    driver.find_element(By.CSS_SELECTOR, "a.cart-link").click()

    # Wait for the cart page to load
    time.sleep(5)

    # Print the current URL and HTML content of the cart page for inspection
    print(driver.current_url)
    print(driver.page_source)

finally:
    if driver:
        # Close the browser window
        driver.quit()
```

This code snippet adds the selected item to the cart by clicking the "Add To Cart" button and then navigates to the cart page. After navigating to the cart page, it prints the current URL and the HTML content of the page, which will help us identify the "Proceed to Checkout" button or link in the next step.

--------------------------------------------------------------------------------
Reviewer (to chat_manager):

#CODE REVIEW SUCCEEDED#
```python
try:
    # Setup Chrome WebDriver
    driver = webdriver.Chrome(service=Service(ChromeDriverManager().install()))

    # Navigate to the product detail page
    driver.get("https://cymbal-shops.retail.cymbal.dev/product/9SIQT8TOJO")

    # Wait for the page to load
    time.sleep(5)

    # Find the 'Add To Cart' button and click it
    add_to_cart_button = driver.find_element(By.CSS_SELECTOR, "button.cymbal-button-primary")
    add_to_cart_button.click()

    # Wait for the action to complete and potentially navigate to the cart page
    time.sleep(5)

    # Navigate to the cart page
    driver.find_element(By.CSS_SELECTOR, "a.cart-link").click()

    # Wait for the cart page to load
    time.sleep(5)

    # Print the current URL and HTML content of the cart page for inspection
    print(driver.current_url)
    print(driver.page_source)

finally:
    if driver:
        # Close the browser window
        driver.quit()
```

--------------------------------------------------------------------------------
Provide feedback to chat_manager. Press enter to skip and use auto-reply, or type 'exit' to end the conversation: 
>>>>>>>> NO HUMAN INPUT RECEIVED.

>>>>>>>> USING AUTO REPLY...

>>>>>>>> EXECUTING CODE BLOCK 0 (inferred language is python)...
Executor (to chat_manager):

exitcode: 1 (execution failed)
Code output: 
Traceback (most recent call last):
  File "", line 3, in <module>
    driver = webdriver.Chrome(service=Service(ChromeDriverManager().install()))
             ^^^^^^^^^
NameError: name 'webdriver' is not defined

During handling of the above exception, another exception occurred:

Traceback (most recent call last):
  File "", line 29, in <module>
    if driver:
       ^^^^^^
NameError: name 'driver' is not defined


--------------------------------------------------------------------------------
html (to chat_manager):

The execution failed due to a `NameError` indicating that `webdriver` is not defined, which suggests that the necessary import statements for `webdriver` and other Selenium components are missing or incorrect at the beginning of the script. Additionally, the same error for `driver` in the exception handling block suggests that the `driver` variable is not accessible due to the initial error.

To correct this, ensure that all necessary imports, especially for `webdriver`, are correctly included at the beginning of your script. This includes importing the `webdriver` from the Selenium package, which is crucial for the script to run successfully.

--------------------------------------------------------------------------------
SWE (to chat_manager):

To address the execution failure due to the `NameError` for `webdriver` and ensure the script runs successfully, let's correct the import statements and ensure that the `webdriver` is properly defined. Additionally, we'll make sure the `driver` variable is defined outside the try block to prevent the second error if the first initialization fails. Here's the revised code with the necessary corrections:

```python
from selenium import webdriver
from selenium.webdriver.common.by import By
from selenium.webdriver.chrome.service import Service
from webdriver_manager.chrome import ChromeDriverManager
import time

driver = None

try:
    # Setup Chrome WebDriver
    driver = webdriver.Chrome(service=Service(ChromeDriverManager().install()))

    # Navigate to the product detail page
    driver.get("https://cymbal-shops.retail.cymbal.dev/product/9SIQT8TOJO")

    # Wait for the page to load
    time.sleep(5)

    # Find the 'Add To Cart' button and click it
    add_to_cart_button = driver.find_element(By.CSS_SELECTOR, "button.cymbal-button-primary")
    add_to_cart_button.click()

    # Wait for the action to complete and potentially navigate to the cart page
    time.sleep(5)

    # Navigate to the cart page
    driver.find_element(By.CSS_SELECTOR, "a.cart-link").click()

    # Wait for the cart page to load
    time.sleep(5)

    # Print the current URL and HTML content of the cart page for inspection
    print(driver.current_url)
    print(driver.page_source)

finally:
    if driver:
        # Close the browser window
        driver.quit()
```

This code includes the necessary imports at the beginning and initializes the `driver` variable outside the try block to ensure it's defined for the finally block. This should resolve the `NameError` and allow the script to execute as intended, adding the item to the cart and navigating to the cart page.

--------------------------------------------------------------------------------
Reviewer (to chat_manager):

#CODE REVIEW FAILED# Please adhere to the code versioning and incremental changes policies.
```python
from selenium import webdriver
from selenium.webdriver.common.by import By
from selenium.webdriver.chrome.service import Service
from webdriver_manager.chrome import ChromeDriverManager
import time

driver = None

try:
    # Setup Chrome WebDriver
    driver = webdriver.Chrome(service=Service(ChromeDriverManager().install()))

    # Navigate to the product detail page
    driver.get("https://cymbal-shops.retail.cymbal.dev/product/9SIQT8TOJO")

    # Wait for the page to load
    time.sleep(5)

    # Find the 'Add To Cart' button and click it
    add_to_cart_button = driver.find_element(By.CSS_SELECTOR, "button.cymbal-button-primary")
    add_to_cart_button.click()

    # Wait for the action to complete and potentially navigate to the cart page
    time.sleep(5)

    # Navigate to the cart page
    driver.find_element(By.CSS_SELECTOR, "a.cart-link").click()

    # Wait for the cart page to load
    time.sleep(5)

    # Print the current URL and HTML content of the cart page for inspection
    print(driver.current_url)
    print(driver.page_source)

finally:
    if driver:
        # Close the browser window
        driver.quit()
```

--------------------------------------------------------------------------------
SWE (to chat_manager):

Understood, let's adhere to the incremental development approach and correct the oversight. We'll reintroduce the necessary import statements and ensure the script is built upon the previously successful execution step, focusing on adding the item to the cart and navigating to the cart page.

Given the feedback, here's the corrected and incremental version of the script, starting from the successful navigation to the product detail page, then proceeding to add the item to the cart:

```python
from selenium import webdriver
from selenium.webdriver.common.by import By
from selenium.webdriver.chrome.service import Service
from webdriver_manager.chrome import ChromeDriverManager
from selenium.webdriver.common.action_chains import ActionChains
import time
import random

try:
    # Setup Chrome WebDriver
    driver = webdriver.Chrome(service=Service(ChromeDriverManager().install()))

    # Navigate to the website
    driver.get("https://cymbal-shops.retail.cymbal.dev")

    # Wait for the page to load
    time.sleep(5)

    # Find all product links in the "Hot Products" section
    product_links = driver.find_elements(By.CSS_SELECTOR, ".hot-product-card a")

    # Select a random product link
    random_product_link = random.choice(product_links)

    # Click on the selected product link
    ActionChains(driver).move_to_element(random_product_link).click().perform()

    # Wait for the product detail page to load
    time.sleep(5)

    # Find the 'Add To Cart' button and click it
    add_to_cart_button = driver.find_element(By.CSS_SELECTOR, "button.cymbal-button-primary")
    add_to_cart_button.click()

    # Wait for the action to complete and potentially navigate to the cart page
    time.sleep(5)

    # Navigate to the cart page
    driver.find_element(By.CSS_SELECTOR, "a.cart-link").click()

    # Wait for the cart page to load
    time.sleep(5)

    # Print the current URL and HTML content of the cart page for inspection
    print(driver.current_url)
    print(driver.page_source)

finally:
    # Close the browser window
    driver.quit()
```

This script now correctly follows the incremental development approach by starting from navigating to the website, selecting a random product, adding it to the cart, and finally navigating to the cart page. It includes all necessary imports and builds upon the previously successful steps.

--------------------------------------------------------------------------------
